<?xml version="1.0" encoding="UTF-8"?>
<coverage generated="1527844975096" clover="3.2.0">
  <project timestamp="1527844975096" name="All files">
    <metrics statements="14" coveredstatements="8" conditionals="8" coveredconditionals="0" methods="6" coveredmethods="4" elements="28" coveredelements="12" complexity="0" loc="14" ncloc="14" packages="1" files="1" classes="1">
      <file name="atSearch.js" path="/mnt/c/Users/alexw_000/Documents/Development/Tech Tests/Al Tayer/ATAPI/api/services/atSearch.js">
        <metrics statements="14" coveredstatements="8" conditionals="8" coveredconditionals="0" methods="6" coveredmethods="4"/>
        <line num="1" count="1" type="stmt"/>
        <line num="3" count="1" type="stmt"/>
        <line num="5" count="1" type="stmt"/>
        <line num="6" count="1" type="stmt"/>
        <line num="10" count="0" type="cond" truecount="0" falsecount="4"/>
        <line num="11" count="0" type="stmt"/>
        <line num="14" count="0" type="stmt"/>
        <line num="19" count="1" type="stmt"/>
        <line num="21" count="1" type="stmt"/>
        <line num="22" count="1" type="stmt"/>
        <line num="26" count="0" type="cond" truecount="0" falsecount="4"/>
        <line num="27" count="0" type="stmt"/>
        <line num="30" count="0" type="stmt"/>
        <line num="35" count="1" type="stmt"/>
      </file>
    </metrics>
  </project>
</coverage>
