{"/mnt/c/Users/alexw_000/Documents/Development/Tech Tests/Al Tayer/ATAPI/api/services/atSearch.js": {"path":"/mnt/c/Users/alexw_000/Documents/Development/Tech Tests/Al Tayer/ATAPI/api/services/atSearch.js","statementMap":{"0":{"start":{"line":1,"column":14},"end":{"line":1,"column":32}},"1":{"start":{"line":3,"column":33},"end":{"line":17,"column":3}},"2":{"start":{"line":5,"column":4},"end":{"line":16,"column":6}},"3":{"start":{"line":6,"column":6},"end":{"line":15,"column":8}},"4":{"start":{"line":10,"column":8},"end":{"line":12,"column":9}},"5":{"start":{"line":11,"column":10},"end":{"line":11,"column":30}},"6":{"start":{"line":14,"column":8},"end":{"line":14,"column":47}},"7":{"start":{"line":19,"column":31},"end":{"line":33,"column":3}},"8":{"start":{"line":21,"column":4},"end":{"line":32,"column":6}},"9":{"start":{"line":22,"column":6},"end":{"line":31,"column":8}},"10":{"start":{"line":26,"column":8},"end":{"line":28,"column":9}},"11":{"start":{"line":27,"column":10},"end":{"line":27,"column":30}},"12":{"start":{"line":30,"column":8},"end":{"line":30,"column":47}},"13":{"start":{"line":35,"column":30},"end":{"line":50,"column":3}},"14":{"start":{"line":38,"column":4},"end":{"line":49,"column":6}},"15":{"start":{"line":39,"column":6},"end":{"line":48,"column":8}},"16":{"start":{"line":43,"column":8},"end":{"line":45,"column":9}},"17":{"start":{"line":44,"column":10},"end":{"line":44,"column":30}},"18":{"start":{"line":47,"column":8},"end":{"line":47,"column":47}},"19":{"start":{"line":52,"column":29},"end":{"line":67,"column":3}},"20":{"start":{"line":55,"column":4},"end":{"line":66,"column":6}},"21":{"start":{"line":56,"column":6},"end":{"line":65,"column":8}},"22":{"start":{"line":60,"column":8},"end":{"line":62,"column":9}},"23":{"start":{"line":61,"column":10},"end":{"line":61,"column":30}},"24":{"start":{"line":64,"column":8},"end":{"line":64,"column":47}},"25":{"start":{"line":69,"column":2},"end":{"line":74,"column":3}}},"fnMap":{"0":{"name":"(anonymous_0)","decl":{"start":{"line":3,"column":33},"end":{"line":3,"column":34}},"loc":{"start":{"line":3,"column":39},"end":{"line":17,"column":3}},"line":3},"1":{"name":"(anonymous_1)","decl":{"start":{"line":5,"column":23},"end":{"line":5,"column":24}},"loc":{"start":{"line":5,"column":44},"end":{"line":16,"column":5}},"line":5},"2":{"name":"(anonymous_2)","decl":{"start":{"line":9,"column":9},"end":{"line":9,"column":10}},"loc":{"start":{"line":9,"column":34},"end":{"line":15,"column":7}},"line":9},"3":{"name":"(anonymous_3)","decl":{"start":{"line":19,"column":31},"end":{"line":19,"column":32}},"loc":{"start":{"line":19,"column":37},"end":{"line":33,"column":3}},"line":19},"4":{"name":"(anonymous_4)","decl":{"start":{"line":21,"column":23},"end":{"line":21,"column":24}},"loc":{"start":{"line":21,"column":44},"end":{"line":32,"column":5}},"line":21},"5":{"name":"(anonymous_5)","decl":{"start":{"line":25,"column":9},"end":{"line":25,"column":10}},"loc":{"start":{"line":25,"column":34},"end":{"line":31,"column":7}},"line":25},"6":{"name":"(anonymous_6)","decl":{"start":{"line":35,"column":30},"end":{"line":35,"column":31}},"loc":{"start":{"line":35,"column":54},"end":{"line":50,"column":3}},"line":35},"7":{"name":"(anonymous_7)","decl":{"start":{"line":38,"column":23},"end":{"line":38,"column":24}},"loc":{"start":{"line":38,"column":44},"end":{"line":49,"column":5}},"line":38},"8":{"name":"(anonymous_8)","decl":{"start":{"line":42,"column":9},"end":{"line":42,"column":10}},"loc":{"start":{"line":42,"column":34},"end":{"line":48,"column":7}},"line":42},"9":{"name":"(anonymous_9)","decl":{"start":{"line":52,"column":29},"end":{"line":52,"column":30}},"loc":{"start":{"line":52,"column":53},"end":{"line":67,"column":3}},"line":52},"10":{"name":"(anonymous_10)","decl":{"start":{"line":55,"column":23},"end":{"line":55,"column":24}},"loc":{"start":{"line":55,"column":44},"end":{"line":66,"column":5}},"line":55},"11":{"name":"(anonymous_11)","decl":{"start":{"line":59,"column":9},"end":{"line":59,"column":10}},"loc":{"start":{"line":59,"column":34},"end":{"line":65,"column":7}},"line":59}},"branchMap":{"0":{"loc":{"start":{"line":10,"column":8},"end":{"line":12,"column":9}},"type":"if","locations":[{"start":{"line":10,"column":8},"end":{"line":12,"column":9}},{"start":{"line":10,"column":8},"end":{"line":12,"column":9}}],"line":10},"1":{"loc":{"start":{"line":10,"column":12},"end":{"line":10,"column":51}},"type":"binary-expr","locations":[{"start":{"line":10,"column":12},"end":{"line":10,"column":20}},{"start":{"line":10,"column":24},"end":{"line":10,"column":51}}],"line":10},"2":{"loc":{"start":{"line":26,"column":8},"end":{"line":28,"column":9}},"type":"if","locations":[{"start":{"line":26,"column":8},"end":{"line":28,"column":9}},{"start":{"line":26,"column":8},"end":{"line":28,"column":9}}],"line":26},"3":{"loc":{"start":{"line":26,"column":12},"end":{"line":26,"column":51}},"type":"binary-expr","locations":[{"start":{"line":26,"column":12},"end":{"line":26,"column":20}},{"start":{"line":26,"column":24},"end":{"line":26,"column":51}}],"line":26},"4":{"loc":{"start":{"line":43,"column":8},"end":{"line":45,"column":9}},"type":"if","locations":[{"start":{"line":43,"column":8},"end":{"line":45,"column":9}},{"start":{"line":43,"column":8},"end":{"line":45,"column":9}}],"line":43},"5":{"loc":{"start":{"line":43,"column":12},"end":{"line":43,"column":51}},"type":"binary-expr","locations":[{"start":{"line":43,"column":12},"end":{"line":43,"column":20}},{"start":{"line":43,"column":24},"end":{"line":43,"column":51}}],"line":43},"6":{"loc":{"start":{"line":60,"column":8},"end":{"line":62,"column":9}},"type":"if","locations":[{"start":{"line":60,"column":8},"end":{"line":62,"column":9}},{"start":{"line":60,"column":8},"end":{"line":62,"column":9}}],"line":60},"7":{"loc":{"start":{"line":60,"column":12},"end":{"line":60,"column":51}},"type":"binary-expr","locations":[{"start":{"line":60,"column":12},"end":{"line":60,"column":20}},{"start":{"line":60,"column":24},"end":{"line":60,"column":51}}],"line":60}},"s":{"0":1,"1":1,"2":1,"3":1,"4":1,"5":1,"6":0,"7":1,"8":1,"9":1,"10":1,"11":1,"12":0,"13":1,"14":1,"15":1,"16":1,"17":1,"18":0,"19":1,"20":1,"21":1,"22":1,"23":1,"24":0,"25":1},"f":{"0":1,"1":1,"2":1,"3":1,"4":1,"5":1,"6":1,"7":1,"8":1,"9":1,"10":1,"11":1},"b":{"0":[1,0],"1":[1,1],"2":[1,0],"3":[1,1],"4":[1,0],"5":[1,1],"6":[1,0],"7":[1,1]},"_coverageSchema":"332fd63041d2c1bcb487cc26dd0d5f7d97098a6c","hash":"150d7fd822ac43a165cb647b6123e6729653a054"}
}
