TN:
SF:/mnt/c/Users/alexw_000/Documents/Development/Tech Tests/Al Tayer/ATAPI/api/services/atSearch.js
FN:3,(anonymous_0)
FN:5,(anonymous_1)
FN:9,(anonymous_2)
FN:19,(anonymous_3)
FN:21,(anonymous_4)
FN:25,(anonymous_5)
FNF:6
FNH:4
FNDA:1,(anonymous_0)
FNDA:1,(anonymous_1)
FNDA:0,(anonymous_2)
FNDA:1,(anonymous_3)
FNDA:1,(anonymous_4)
FNDA:0,(anonymous_5)
DA:1,1
DA:3,1
DA:5,1
DA:6,1
DA:10,0
DA:11,0
DA:14,0
DA:19,1
DA:21,1
DA:22,1
DA:26,0
DA:27,0
DA:30,0
DA:35,1
LF:14
LH:8
BRDA:10,0,0,0
BRDA:10,0,1,0
BRDA:10,1,0,0
BRDA:10,1,1,0
BRDA:26,2,0,0
BRDA:26,2,1,0
BRDA:26,3,0,0
BRDA:26,3,1,0
BRF:8
BRH:0
end_of_record
