TN:
SF:/mnt/c/Users/alexw_000/Documents/Development/Tech Tests/Al Tayer/ATAPI/api/services/atSearch.js
FN:3,(anonymous_0)
FN:5,(anonymous_1)
FN:9,(anonymous_2)
FN:19,(anonymous_3)
FN:21,(anonymous_4)
FN:25,(anonymous_5)
FN:35,(anonymous_6)
FN:38,(anonymous_7)
FN:42,(anonymous_8)
FN:52,(anonymous_9)
FN:55,(anonymous_10)
FN:59,(anonymous_11)
FNF:12
FNH:12
FNDA:1,(anonymous_0)
FNDA:1,(anonymous_1)
FNDA:1,(anonymous_2)
FNDA:1,(anonymous_3)
FNDA:1,(anonymous_4)
FNDA:1,(anonymous_5)
FNDA:1,(anonymous_6)
FNDA:1,(anonymous_7)
FNDA:1,(anonymous_8)
FNDA:1,(anonymous_9)
FNDA:1,(anonymous_10)
FNDA:1,(anonymous_11)
DA:1,1
DA:3,1
DA:5,1
DA:6,1
DA:10,1
DA:11,1
DA:14,0
DA:19,1
DA:21,1
DA:22,1
DA:26,1
DA:27,1
DA:30,0
DA:35,1
DA:38,1
DA:39,1
DA:43,1
DA:44,1
DA:47,0
DA:52,1
DA:55,1
DA:56,1
DA:60,1
DA:61,1
DA:64,0
DA:69,1
LF:26
LH:22
BRDA:10,0,0,1
BRDA:10,0,1,0
BRDA:10,1,0,1
BRDA:10,1,1,1
BRDA:26,2,0,1
BRDA:26,2,1,0
BRDA:26,3,0,1
BRDA:26,3,1,1
BRDA:43,4,0,1
BRDA:43,4,1,0
BRDA:43,5,0,1
BRDA:43,5,1,1
BRDA:60,6,0,1
BRDA:60,6,1,0
BRDA:60,7,0,1
BRDA:60,7,1,1
BRF:16
BRH:12
end_of_record
